2025-10-05 18:17:22,653 [INFO] __main__: Starting price_track1 main process...
2025-10-05 18:17:22,654 [WARNING] config.env_loader: Environment file not found: /data/data/com.termux/files/home/projects/price_track1/notebook/.env.dev (continuing with system env)
2025-10-05 18:17:22,656 [INFO] __main__: Created 'data' directory.
2025-10-05 18:17:22,673 [INFO] app.db: Database initialized at data/prices.db
2025-10-05 18:17:22,674 [INFO] __main__: Scraping site: books_toscrape → https://books.toscrape.com/
2025-10-05 18:17:24,914 [WARNING] app.price_tracker: Fetch failed for https://books.toscrape.com/ (attempt 1/3): HTTPSConnectionPool(host='books.toscrape.com', port=443): Max retries exceeded with url: / (Caused by NameResolutionError("<urllib3.connection.HTTPSConnection object at 0x7c9a7a5c70>: Failed to resolve 'books.toscrape.com' ([Errno 7] No address associated with hostname)")) — retrying in 1.45s
2025-10-05 18:17:27,927 [WARNING] app.price_tracker: Fetch failed for https://books.toscrape.com/ (attempt 2/3): HTTPSConnectionPool(host='books.toscrape.com', port=443): Max retries exceeded with url: / (Caused by NameResolutionError("<urllib3.connection.HTTPSConnection object at 0x7c99489040>: Failed to resolve 'books.toscrape.com' ([Errno 7] No address associated with hostname)")) — retrying in 2.13s
2025-10-05 18:17:31,276 [WARNING] app.price_tracker: Fetch failed for https://books.toscrape.com/ (attempt 3/3): HTTPSConnectionPool(host='books.toscrape.com', port=443): Max retries exceeded with url: / (Caused by NameResolutionError("<urllib3.connection.HTTPSConnection object at 0x7c994892e0>: Failed to resolve 'books.toscrape.com' ([Errno 7] No address associated with hostname)")) — retrying in 4.86s
2025-10-05 18:17:36,137 [ERROR] app.price_tracker: Failed to fetch URL after 3 attempts: https://books.toscrape.com/
2025-10-05 18:17:36,138 [WARNING] __main__: No HTML fetched from books_toscrape.
2025-10-05 18:17:36,139 [INFO] __main__: Sleeping for 2.47s before next site...
2025-10-05 18:17:38,608 [INFO] __main__: Scraping site: webscraper_test → https://webscraper.io/test-sites/e-commerce/allinone/computers/laptops
2025-10-05 18:17:40,011 [WARNING] app.price_tracker: Fetch failed for https://webscraper.io/test-sites/e-commerce/allinone/computers/laptops (attempt 1/3): HTTPSConnectionPool(host='webscraper.io', port=443): Max retries exceeded with url: /test-sites/e-commerce/allinone/computers/laptops (Caused by NameResolutionError("<urllib3.connection.HTTPSConnection object at 0x7c99488fb0>: Failed to resolve 'webscraper.io' ([Errno 7] No address associated with hostname)")) — retrying in 1.29s
2025-10-05 18:17:42,716 [WARNING] app.price_tracker: Fetch failed for https://webscraper.io/test-sites/e-commerce/allinone/computers/laptops (attempt 2/3): HTTPSConnectionPool(host='webscraper.io', port=443): Max retries exceeded with url: /test-sites/e-commerce/allinone/computers/laptops (Caused by NameResolutionError("<urllib3.connection.HTTPSConnection object at 0x7c994897c0>: Failed to resolve 'webscraper.io' ([Errno 7] No address associated with hostname)")) — retrying in 2.76s
2025-10-05 18:17:46,823 [WARNING] app.price_tracker: Fetch failed for https://webscraper.io/test-sites/e-commerce/allinone/computers/laptops (attempt 3/3): HTTPSConnectionPool(host='webscraper.io', port=443): Max retries exceeded with url: /test-sites/e-commerce/allinone/computers/laptops (Caused by NameResolutionError("<urllib3.connection.HTTPSConnection object at 0x7c99489eb0>: Failed to resolve 'webscraper.io' ([Errno 7] No address associated with hostname)")) — retrying in 4.19s
2025-10-05 18:17:51,015 [ERROR] app.price_tracker: Failed to fetch URL after 3 attempts: https://webscraper.io/test-sites/e-commerce/allinone/computers/laptops
2025-10-05 18:17:51,016 [WARNING] __main__: No HTML fetched from webscraper_test.
2025-10-05 18:17:51,016 [INFO] __main__: Sleeping for 4.29s before next site...
2025-10-05 18:17:55,304 [INFO] __main__: Scraping site: scrapeme_shop → https://scrapeme.live/shop/
2025-10-05 18:17:56,964 [WARNING] app.price_tracker: Fetch failed for https://scrapeme.live/shop/ (attempt 1/3): HTTPSConnectionPool(host='scrapeme.live', port=443): Max retries exceeded with url: /shop/ (Caused by NameResolutionError("<urllib3.connection.HTTPSConnection object at 0x7c9948aa50>: Failed to resolve 'scrapeme.live' ([Errno 7] No address associated with hostname)")) — retrying in 1.20s
2025-10-05 18:18:00,373 [WARNING] app.price_tracker: Fetch failed for https://scrapeme.live/shop/ (attempt 2/3): HTTPSConnectionPool(host='scrapeme.live', port=443): Max retries exceeded with url: /shop/ (Caused by NameResolutionError("<urllib3.connection.HTTPSConnection object at 0x7c9948b290>: Failed to resolve 'scrapeme.live' ([Errno 7] No address associated with hostname)")) — retrying in 2.25s
2025-10-05 18:18:04,500 [WARNING] app.price_tracker: Fetch failed for https://scrapeme.live/shop/ (attempt 3/3): HTTPSConnectionPool(host='scrapeme.live', port=443): Max retries exceeded with url: /shop/ (Caused by NameResolutionError("<urllib3.connection.HTTPSConnection object at 0x7c9a79bdd0>: Failed to resolve 'scrapeme.live' ([Errno 7] No address associated with hostname)")) — retrying in 4.80s
2025-10-05 18:18:09,306 [ERROR] app.price_tracker: Failed to fetch URL after 3 attempts: https://scrapeme.live/shop/
2025-10-05 18:18:09,307 [WARNING] __main__: No HTML fetched from scrapeme_shop.
2025-10-05 18:18:09,309 [INFO] __main__: Sleeping for 4.35s before next site...
2025-10-05 18:18:13,664 [INFO] __main__: Scraping complete. Exiting gracefully.
